{
  "RSpec": {
    "coverage": {
      "/Users/vacoleer/Documents/service-and-facility-locator/spec/controllers/search_controller_spec.rb": [
        1,
        null,
        1,
        1,
        1,
        1,
        1,
        null,
        null,
        null
      ],
      "/Users/vacoleer/Documents/service-and-facility-locator/spec/rails_helper.rb": [
        null,
        1,
        1,
        null,
        1,
        1,
        1,
        null,
        null,
        null,
        null,
        null,
        null,
        null,
        null,
        null,
        null,
        null,
        null,
        null,
        null,
        null,
        null,
        null,
        null,
        null,
        null,
        null,
        1,
        1,
        null,
        1,
        null,
        1,
        null,
        null,
        null,
        null,
        1,
        null,
        null,
        null,
        null,
        null,
        null,
        null,
        null,
        null,
        null,
        null,
        null,
        null,
        null,
        1,
        null,
        null,
        1,
        null,
        null,
        null
      ],
      "/Users/vacoleer/Documents/service-and-facility-locator/config/environment.rb": [
        null,
        1,
        null,
        null,
        1
      ],
      "/Users/vacoleer/Documents/service-and-facility-locator/config/application.rb": [
        1,
        null,
        1,
        null,
        null,
        null,
        1,
        null,
        1,
        1,
        null,
        null,
        null,
        null,
        null,
        null,
        null,
        null,
        null,
        null,
        null,
        null,
        null,
        1,
        null,
        null
      ],
      "/Users/vacoleer/Documents/service-and-facility-locator/config/boot.rb": [
        1,
        null,
        1
      ],
      "/Users/vacoleer/Documents/service-and-facility-locator/config/environments/test.rb": [
        1,
        null,
        null,
        null,
        null,
        null,
        null,
        1,
        null,
        null,
        null,
        null,
        1,
        null,
        null,
        1,
        1,
        null,
        null,
        1,
        1,
        null,
        null,
        1,
        null,
        null,
        1,
        null,
        null,
        null,
        null,
        1,
        null,
        null,
        1,
        null,
        null,
        1,
        null,
        null,
        null,
        null
      ],
      "/Users/vacoleer/Documents/service-and-facility-locator/config/initializers/assets.rb": [
        null,
        null,
        null,
        1,
        null,
        null,
        null,
        null,
        null,
        null,
        null,
        null,
        1,
        1
      ],
      "/Users/vacoleer/Documents/service-and-facility-locator/config/initializers/backtrace_silencers.rb": [
        null,
        null,
        null,
        null,
        null,
        null,
        null
      ],
      "/Users/vacoleer/Documents/service-and-facility-locator/config/initializers/cookies_serializer.rb": [
        null,
        null,
        1
      ],
      "/Users/vacoleer/Documents/service-and-facility-locator/config/initializers/filter_parameter_logging.rb": [
        null,
        null,
        null,
        1
      ],
      "/Users/vacoleer/Documents/service-and-facility-locator/config/initializers/inflections.rb": [
        null,
        null,
        null,
        null,
        null,
        null,
        null,
        null,
        null,
        null,
        null,
        null,
        null,
        null,
        null,
        null
      ],
      "/Users/vacoleer/Documents/service-and-facility-locator/config/initializers/mime_types.rb": [
        null,
        null,
        null,
        null
      ],
      "/Users/vacoleer/Documents/service-and-facility-locator/config/initializers/session_store.rb": [
        null,
        null,
        1
      ],
      "/Users/vacoleer/Documents/service-and-facility-locator/config/initializers/wrap_parameters.rb": [
        null,
        null,
        null,
        null,
        null,
        null,
        1,
        1,
        null,
        null,
        null,
        null,
        null,
        null
      ],
      "/Users/vacoleer/Documents/service-and-facility-locator/config/routes.rb": [
        1,
        1,
        null,
        1,
        null,
        null,
        null,
        null,
        1,
        null,
        null,
        null,
        null,
        null,
        null,
        null,
        null,
        null,
        null,
        null,
        null,
        null,
        null,
        null,
        null,
        null,
        null,
        null,
        null,
        null,
        null,
        null,
        null,
        null,
        null,
        null,
        null,
        null,
        null,
        null,
        null,
        null,
        null,
        null,
        null,
        null,
        null,
        null,
        null,
        null,
        null,
        null,
        null,
        null,
        null,
        null,
        null,
        null,
        null
      ],
      "/Users/vacoleer/Documents/service-and-facility-locator/app/helpers/application_helper.rb": [
        1,
        null
      ],
      "/Users/vacoleer/Documents/service-and-facility-locator/app/helpers/search_helper.rb": [
        1,
        null
      ],
      "/Users/vacoleer/Documents/service-and-facility-locator/app/controllers/search_controller.rb": [
        1,
        null,
        null,
        1,
        null,
        1,
        null,
        null,
        1,
        0,
        0,
        null,
        null,
        1,
        0,
        0,
        null,
        null
      ],
      "/Users/vacoleer/Documents/service-and-facility-locator/app/controllers/application_controller.rb": [
        1,
        null,
        null,
        1,
        null
      ],
      "/Users/vacoleer/Documents/service-and-facility-locator/spec/helpers/search_helper_spec.rb": [
        1,
        null,
        null,
        null,
        null,
        null,
        null,
        null,
        null,
        null,
        null,
        null,
        1,
        1,
        null
      ],
      "/Users/vacoleer/Documents/service-and-facility-locator/spec/models/facility_spec.rb": [
        1,
        null,
        1,
        1,
        null
      ],
      "/Users/vacoleer/Documents/service-and-facility-locator/app/models/facility.rb": [
        1,
        null
      ],
      "/Users/vacoleer/Documents/service-and-facility-locator/spec/models/service_spec.rb": [
        1,
        null,
        1,
        1,
        null
      ],
      "/Users/vacoleer/Documents/service-and-facility-locator/app/models/service.rb": [
        1,
        null
      ],
      "/Users/vacoleer/Documents/service-and-facility-locator/spec/views/search/index.html.erb_spec.rb": [
        1,
        null,
        1,
        1,
        null
      ]
    },
    "timestamp": 1456228446
  }
}
